#
# A fatal error has been detected by the Java Runtime Environment:
#
#  Internal Error (javaCalls.cpp:51), pid=8606, tid=0x00007fa412ef6700
#  guarantee(thread->is_Java_thread()) failed: crucial check - the VM thread cannot and must not escape to Java code
#
# JRE version: Java(TM) SE Runtime Environment (8.0_181-b13) (build 1.8.0_181-b13)
# Java VM: Java HotSpot(TM) 64-Bit Server VM (25.181-b13 mixed mode linux-amd64 compressed oops)
# Failed to write core dump. Core dumps have been disabled. To enable core dumping, try "ulimit -c unlimited" before starting Java again
#
# If you would like to submit a bug report, please visit:
#   http://bugreport.java.com/bugreport/crash.jsp
#

---------------  T H R E A D  ---------------

Current thread (0x00007fa430147000):  VMThread [stack: 0x00007fa412df7000,0x00007fa412ef7000] [id=8619]

Stack: [0x00007fa412df7000,0x00007fa412ef7000],  sp=0x00007fa412ef4000,  free space=1012k
Native frames: (J=compiled Java code, j=interpreted, Vv=VM code, C=native code)
V  [libjvm.so+0xad21aa]  VMError::report_and_die()+0x2ba
V  [libjvm.so+0x501a32]  report_vm_error(char const*, int, char const*, char const*)+0x62
V  [libjvm.so+0x6965d7]  JavaCallWrapper::JavaCallWrapper(methodHandle, Handle, JavaValue*, Thread*)+0x267
V  [libjvm.so+0x6972a4]  JavaCalls::call_helper(JavaValue*, methodHandle*, JavaCallArguments*, Thread*)+0x884
V  [libjvm.so+0x698e31]  JavaCalls::call_special(JavaValue*, KlassHandle, Symbol*, Symbol*, JavaCallArguments*, Thread*)+0x2d1
V  [libjvm.so+0x5855fa]  Exceptions::new_exception(Thread*, Symbol*, Symbol*, JavaCallArguments*, Handle, Handle)+0x17a
V  [libjvm.so+0x5856b2]  Exceptions::new_exception(Thread*, Symbol*, Symbol*, JavaCallArguments*, Handle, Handle, Handle)+0x22
V  [libjvm.so+0x585c61]  Exceptions::new_exception(Thread*, Symbol*, char const*, Handle, Handle, Handle, Exceptions::ExceptionMsgToUtf8Mode)+0x1d1
V  [libjvm.so+0x585cf8]  Exceptions::new_exception(Thread*, Symbol*, char const*, Exceptions::ExceptionMsgToUtf8Mode)+0x18
V  [libjvm.so+0x5f3d6b]  GenerateOopMap::verify_error(char const*, ...)+0x8b
V  [libjvm.so+0x5f8b22]  GenerateOopMap::do_method(int, int, int, int)+0x152
V  [libjvm.so+0x5fb34b]  GenerateOopMap::interp_bb(BasicBlock*)+0x2fb
V  [libjvm.so+0x5fc21a]  GenerateOopMap::do_interpretation()+0x17a
V  [libjvm.so+0x5fc5cd]  GenerateOopMap::compute_map(Thread*)+0x34d
V  [libjvm.so+0x91fcd4]  OopMapForCacheEntry::compute_map(Thread*)+0xb4
V  [libjvm.so+0x921a92]  OopMapCacheEntry::fill(methodHandle, int)+0x2d2
V  [libjvm.so+0x922244]  OopMapCache::compute_one_oop_map(methodHandle, int, InterpreterOopMap*)+0x124
V  [libjvm.so+0x922bee]  OopMapCache::lookup(methodHandle, int, InterpreterOopMap*) const+0x6de
V  [libjvm.so+0x64ab92]  InstanceKlass::mask_for(methodHandle, int, InterpreterOopMap*)+0x82
V  [libjvm.so+0x8bd3fd]  Method::mask_for(int, InterpreterOopMap*)+0x9d
V  [libjvm.so+0x7affb4]  VM_GetOrSetLocal::doit()+0x54
V  [libjvm.so+0xadb745]  VM_Operation::evaluate()+0x55
V  [libjvm.so+0xad9b0a]  VMThread::evaluate_operation(VM_Operation*)+0xba
V  [libjvm.so+0xad9e8e]  VMThread::loop()+0x1ce
V  [libjvm.so+0xada300]  VMThread::run()+0x70
V  [libjvm.so+0x930198]  java_start(Thread*)+0x108

VM_Operation (0x00007fa4128ed6c0): GetOrSetLocal, mode: safepoint, requested by thread 0x00007fa430192000


---------------  P R O C E S S  ---------------

Java Threads: ( => current thread )
  0x00007fa3b8038800 JavaThread "Gax-4" daemon [_thread_blocked, id=8655, stack(0x00007fa3c25f2000,0x00007fa3c26f3000)]
  0x00007fa3cc004000 JavaThread "Gax-3" daemon [_thread_blocked, id=8653, stack(0x00007fa3c26f3000,0x00007fa3c27f4000)]
  0x00007fa3b8034000 JavaThread "Gax-2" daemon [_thread_blocked, id=8652, stack(0x00007fa3c27f4000,0x00007fa3c28f5000)]
  0x00007fa3c80e8000 JavaThread "grpc-default-worker-ELG-1-3" daemon [_thread_blocked, id=8651, stack(0x00007fa3c3af6000,0x00007fa3c3bf7000)]
  0x00007fa430a11000 JavaThread "grpc-default-worker-ELG-1-2" daemon [_thread_blocked, id=8650, stack(0x00007fa3d069d000,0x00007fa3d079e000)]
  0x00007fa430a07800 JavaThread "grpc-default-worker-ELG-1-1" daemon [_thread_in_native, id=8648, stack(0x00007fa3d089f000,0x00007fa3d09a0000)]
  0x00007fa4302c1800 JavaThread "Gax-1" daemon [_thread_blocked, id=8647, stack(0x00007fa41004e000,0x00007fa41014f000)]
  0x00007fa43082a000 JavaThread "ObjectCleanerThread" daemon [_thread_blocked, id=8645, stack(0x00007fa411778000,0x00007fa411879000)]
  0x00007fa4303be800 JavaThread "Service Thread" daemon [_thread_blocked, id=8639, stack(0x00007fa4121e8000,0x00007fa4122e9000)]
  0x00007fa4303ba800 JavaThread "C1 CompilerThread2" daemon [_thread_blocked, id=8638, stack(0x00007fa4122ea000,0x00007fa4123ea000)]
  0x00007fa4303b9000 JavaThread "C2 CompilerThread1" daemon [_thread_blocked, id=8637, stack(0x00007fa4123eb000,0x00007fa4124eb000)]
  0x00007fa4303b2800 JavaThread "C2 CompilerThread0" daemon [_thread_blocked, id=8636, stack(0x00007fa4124ec000,0x00007fa4125ec000)]
  0x00007fa3f8001000 JavaThread "JDWP Command Reader" daemon [_thread_in_native, id=8632, stack(0x00007fa4125ec000,0x00007fa4126ed000)]
  0x00007fa430196000 JavaThread "JDWP Event Helper Thread" daemon [_thread_blocked, id=8631, stack(0x00007fa4126ed000,0x00007fa4127ee000)]
  0x00007fa430192000 JavaThread "JDWP Transport Listener: dt_socket" daemon [_thread_blocked, id=8630, stack(0x00007fa4127ee000,0x00007fa4128ef000)]
  0x00007fa430185000 JavaThread "Signal Dispatcher" daemon [_thread_blocked, id=8629, stack(0x00007fa412af3000,0x00007fa412bf4000)]
  0x00007fa430153800 JavaThread "Finalizer" daemon [_thread_blocked, id=8621, stack(0x00007fa412bf4000,0x00007fa412cf5000)]
  0x00007fa430151000 JavaThread "Reference Handler" daemon [_thread_blocked, id=8620, stack(0x00007fa412cf5000,0x00007fa412df6000)]
  0x00007fa430012000 JavaThread "main" [_thread_blocked, id=8611, stack(0x00007fa438720000,0x00007fa438820000)]

Other Threads:
=>0x00007fa430147000 VMThread [stack: 0x00007fa412df7000,0x00007fa412ef7000] [id=8619]
  0x00007fa4303c4000 WatcherThread [stack: 0x00007fa4120e8000,0x00007fa4121e8000] [id=8640]

VM state:at safepoint (normal execution)

VM Mutex/Monitor currently owned by a thread:  ([mutex/lock_event])
[0x00007fa43000e500] Threads_lock - owner thread: 0x00007fa430147000

Heap:
 PSYoungGen      total 35840K, used 29970K [0x00000000d8000000, 0x00000000dc600000, 0x0000000100000000)
  eden space 30720K, 97% used [0x00000000d8000000,0x00000000d9d44b70,0x00000000d9e00000)
  from space 5120K, 0% used [0x00000000dc100000,0x00000000dc100000,0x00000000dc600000)
  to   space 5120K, 0% used [0x00000000d9e00000,0x00000000d9e00000,0x00000000da300000)
 ParOldGen       total 55296K, used 7417K [0x0000000088000000, 0x000000008b600000, 0x00000000d8000000)
  object space 55296K, 13% used [0x0000000088000000,0x000000008873e6f0,0x000000008b600000)
 Metaspace       used 23558K, capacity 23858K, committed 24192K, reserved 1071104K
  class space    used 2814K, capacity 2913K, committed 2944K, reserved 1048576K

Card table byte_map: [0x00007fa434015000,0x00007fa4343d6000] byte_map_base: 0x00007fa433bd5000

Marking Bits: (ParMarkBitMap*) 0x00007fa437bc10a0
 Begin Bits: [0x00007fa418400000, 0x00007fa41a200000)
 End Bits:   [0x00007fa41a200000, 0x00007fa41c000000)

Polling page: 0x00007fa43883e000

CodeCache: size=245760Kb used=6165Kb max_used=6813Kb free=239594Kb
 bounds [0x00007fa421000000, 0x00007fa4216e0000, 0x00007fa430000000]
 total_blobs=2183 nmethods=1708 adapters=396
 compilation: enabled

Compilation events (10 events):
Event: 453.450 Thread 0x00007fa4303ba800 1868       3       java.util.concurrent.locks.AbstractOwnableSynchronizer::setExclusiveOwnerThread (6 bytes)
Event: 453.450 Thread 0x00007fa4303ba800 nmethod 1868 0x00007fa421114a10 code [0x00007fa421114b60, 0x00007fa421114cd0]
Event: 453.451 Thread 0x00007fa4303ba800 1867       3       java.util.concurrent.locks.AbstractQueuedSynchronizer::compareAndSetState (13 bytes)
Event: 453.451 Thread 0x00007fa4303ba800 nmethod 1867 0x00007fa42116cc10 code [0x00007fa42116cd60, 0x00007fa42116ced0]
Event: 536.239 Thread 0x00007fa4303ba800 1869       3       java.util.concurrent.locks.AbstractQueuedSynchronizer::setState (6 bytes)
Event: 536.240 Thread 0x00007fa4303ba800 nmethod 1869 0x00007fa4211b02d0 code [0x00007fa4211b0420, 0x00007fa4211b0570]
Event: 599.426 Thread 0x00007fa4303ba800 1871       3       java.util.concurrent.locks.AbstractQueuedSynchronizer::release (33 bytes)
Event: 599.426 Thread 0x00007fa4303ba800 nmethod 1871 0x00007fa421145290 code [0x00007fa421145420, 0x00007fa421145758]
Event: 599.426 Thread 0x00007fa4303ba800 1872       3       java.util.concurrent.ThreadPoolExecutor::runStateOf (5 bytes)
Event: 599.427 Thread 0x00007fa4303ba800 nmethod 1872 0x00007fa4211cf990 code [0x00007fa4211cfae0, 0x00007fa4211cfc10]

GC Heap History (10 events):
Event: 1.004 GC heap before
{Heap before GC invocations=1 (full 0):
 PSYoungGen      total 35840K, used 30720K [0x00000000d8000000, 0x00000000da800000, 0x0000000100000000)
  eden space 30720K, 100% used [0x00000000d8000000,0x00000000d9e00000,0x00000000d9e00000)
  from space 5120K, 0% used [0x00000000da300000,0x00000000da300000,0x00000000da800000)
  to   space 5120K, 0% used [0x00000000d9e00000,0x00000000d9e00000,0x00000000da300000)
 ParOldGen       total 81920K, used 0K [0x0000000088000000, 0x000000008d000000, 0x00000000d8000000)
  object space 81920K, 0% used [0x0000000088000000,0x0000000088000000,0x000000008d000000)
 Metaspace       used 8306K, capacity 8400K, committed 8448K, reserved 1056768K
  class space    used 967K, capacity 1008K, committed 1024K, reserved 1048576K
Event: 1.012 GC heap after
Heap after GC invocations=1 (full 0):
 PSYoungGen      total 35840K, used 4475K [0x00000000d8000000, 0x00000000da800000, 0x0000000100000000)
  eden space 30720K, 0% used [0x00000000d8000000,0x00000000d8000000,0x00000000d9e00000)
  from space 5120K, 87% used [0x00000000d9e00000,0x00000000da25eee0,0x00000000da300000)
  to   space 5120K, 0% used [0x00000000da300000,0x00000000da300000,0x00000000da800000)
 ParOldGen       total 81920K, used 8K [0x0000000088000000, 0x000000008d000000, 0x00000000d8000000)
  object space 81920K, 0% used [0x0000000088000000,0x0000000088002000,0x000000008d000000)
 Metaspace       used 8306K, capacity 8400K, committed 8448K, reserved 1056768K
  class space    used 967K, capacity 1008K, committed 1024K, reserved 1048576K
}
Event: 1.773 GC heap before
{Heap before GC invocations=2 (full 0):
 PSYoungGen      total 35840K, used 35195K [0x00000000d8000000, 0x00000000da800000, 0x0000000100000000)
  eden space 30720K, 100% used [0x00000000d8000000,0x00000000d9e00000,0x00000000d9e00000)
  from space 5120K, 87% used [0x00000000d9e00000,0x00000000da25eee0,0x00000000da300000)
  to   space 5120K, 0% used [0x00000000da300000,0x00000000da300000,0x00000000da800000)
 ParOldGen       total 81920K, used 8K [0x0000000088000000, 0x000000008d000000, 0x00000000d8000000)
  object space 81920K, 0% used [0x0000000088000000,0x0000000088002000,0x000000008d000000)
 Metaspace       used 13216K, capacity 13318K, committed 13440K, reserved 1060864K
  class space    used 1560K, capacity 1596K, committed 1664K, reserved 1048576K
Event: 1.779 GC heap after
Heap after GC invocations=2 (full 0):
 PSYoungGen      total 35840K, used 5118K [0x00000000d8000000, 0x00000000da800000, 0x0000000100000000)
  eden space 30720K, 0% used [0x00000000d8000000,0x00000000d8000000,0x00000000d9e00000)
  from space 5120K, 99% used [0x00000000da300000,0x00000000da7ff8c0,0x00000000da800000)
  to   space 5120K, 0% used [0x00000000d9e00000,0x00000000d9e00000,0x00000000da300000)
 ParOldGen       total 81920K, used 663K [0x0000000088000000, 0x000000008d000000, 0x00000000d8000000)
  object space 81920K, 0% used [0x0000000088000000,0x00000000880a5cb0,0x000000008d000000)
 Metaspace       used 13216K, capacity 13318K, committed 13440K, reserved 1060864K
  class space    used 1560K, capacity 1596K, committed 1664K, reserved 1048576K
}
Event: 2.179 GC heap before
{Heap before GC invocations=3 (full 0):
 PSYoungGen      total 35840K, used 35819K [0x00000000d8000000, 0x00000000da800000, 0x0000000100000000)
  eden space 30720K, 99% used [0x00000000d8000000,0x00000000d9dfb710,0x00000000d9e00000)
  from space 5120K, 99% used [0x00000000da300000,0x00000000da7ff8c0,0x00000000da800000)
  to   space 5120K, 0% used [0x00000000d9e00000,0x00000000d9e00000,0x00000000da300000)
 ParOldGen       total 81920K, used 663K [0x0000000088000000, 0x000000008d000000, 0x00000000d8000000)
  object space 81920K, 0% used [0x0000000088000000,0x00000000880a5cb0,0x000000008d000000)
 Metaspace       used 17063K, capacity 17190K, committed 17536K, reserved 1064960K
  class space    used 2057K, capacity 2076K, committed 2176K, reserved 1048576K
Event: 2.185 GC heap after
Heap after GC invocations=3 (full 0):
 PSYoungGen      total 35840K, used 5116K [0x00000000d8000000, 0x00000000dc600000, 0x0000000100000000)
  eden space 30720K, 0% used [0x00000000d8000000,0x00000000d8000000,0x00000000d9e00000)
  from space 5120K, 99% used [0x00000000d9e00000,0x00000000da2ff158,0x00000000da300000)
  to   space 5120K, 0% used [0x00000000dc100000,0x00000000dc100000,0x00000000dc600000)
 ParOldGen       total 81920K, used 2979K [0x0000000088000000, 0x000000008d000000, 0x00000000d8000000)
  object space 81920K, 3% used [0x0000000088000000,0x00000000882e8f60,0x000000008d000000)
 Metaspace       used 17063K, capacity 17190K, committed 17536K, reserved 1064960K
  class space    used 2057K, capacity 2076K, committed 2176K, reserved 1048576K
}
Event: 3.803 GC heap before
{Heap before GC invocations=4 (full 0):
 PSYoungGen      total 35840K, used 28287K [0x00000000d8000000, 0x00000000dc600000, 0x0000000100000000)
  eden space 30720K, 75% used [0x00000000d8000000,0x00000000d96a0cc0,0x00000000d9e00000)
  from space 5120K, 99% used [0x00000000d9e00000,0x00000000da2ff158,0x00000000da300000)
  to   space 5120K, 0% used [0x00000000dc100000,0x00000000dc100000,0x00000000dc600000)
 ParOldGen       total 81920K, used 2979K [0x0000000088000000, 0x000000008d000000, 0x00000000d8000000)
  object space 81920K, 3% used [0x0000000088000000,0x00000000882e8f60,0x000000008d000000)
 Metaspace       used 20819K, capacity 21042K, committed 21296K, reserved 1069056K
  class space    used 2514K, capacity 2609K, committed 2688K, reserved 1048576K
Event: 3.810 GC heap after
Heap after GC invocations=4 (full 0):
 PSYoungGen      total 35840K, used 5104K [0x00000000d8000000, 0x00000000dc600000, 0x0000000100000000)
  eden space 30720K, 0% used [0x00000000d8000000,0x00000000d8000000,0x00000000d9e00000)
  from space 5120K, 99% used [0x00000000dc100000,0x00000000dc5fc090,0x00000000dc600000)
  to   space 5120K, 0% used [0x00000000d9e00000,0x00000000d9e00000,0x00000000da300000)
 ParOldGen       total 81920K, used 5471K [0x0000000088000000, 0x000000008d000000, 0x00000000d8000000)
  object space 81920K, 6% used [0x0000000088000000,0x0000000088557ca8,0x000000008d000000)
 Metaspace       used 20819K, capacity 21042K, committed 21296K, reserved 1069056K
  class space    used 2514K, capacity 2609K, committed 2688K, reserved 1048576K
}
Event: 3.810 GC heap before
{Heap before GC invocations=5 (full 1):
 PSYoungGen      total 35840K, used 5104K [0x00000000d8000000, 0x00000000dc600000, 0x0000000100000000)
  eden space 30720K, 0% used [0x00000000d8000000,0x00000000d8000000,0x00000000d9e00000)
  from space 5120K, 99% used [0x00000000dc100000,0x00000000dc5fc090,0x00000000dc600000)
  to   space 5120K, 0% used [0x00000000d9e00000,0x00000000d9e00000,0x00000000da300000)
 ParOldGen       total 81920K, used 5471K [0x0000000088000000, 0x000000008d000000, 0x00000000d8000000)
  object space 81920K, 6% used [0x0000000088000000,0x0000000088557ca8,0x000000008d000000)
 Metaspace       used 20819K, capacity 21042K, committed 21296K, reserved 1069056K
  class space    used 2514K, capacity 2609K, committed 2688K, reserved 1048576K
Event: 3.834 GC heap after
Heap after GC invocations=5 (full 1):
 PSYoungGen      total 35840K, used 0K [0x00000000d8000000, 0x00000000dc600000, 0x0000000100000000)
  eden space 30720K, 0% used [0x00000000d8000000,0x00000000d8000000,0x00000000d9e00000)
  from space 5120K, 0% used [0x00000000dc100000,0x00000000dc100000,0x00000000dc600000)
  to   space 5120K, 0% used [0x00000000d9e00000,0x00000000d9e00000,0x00000000da300000)
 ParOldGen       total 55296K, used 7417K [0x0000000088000000, 0x000000008b600000, 0x00000000d8000000)
  object space 55296K, 13% used [0x0000000088000000,0x000000008873e6f0,0x000000008b600000)
 Metaspace       used 20819K, capacity 21042K, committed 21296K, reserved 1069056K
  class space    used 2514K, capacity 2609K, committed 2688K, reserved 1048576K
}

Deoptimization events (10 events):
Event: 5.135 Thread 0x00007fa430012000 Uncommon trap: reason=class_check action=maybe_recompile pc=0x00007fa42150bd60 method=java.util.HashMap.putVal(ILjava/lang/Object;Ljava/lang/Object;ZZ)Ljava/lang/Object; @ 203
Event: 5.135 Thread 0x00007fa430012000 Uncommon trap: reason=class_check action=maybe_recompile pc=0x00007fa42150bd60 method=java.util.HashMap.putVal(ILjava/lang/Object;Ljava/lang/Object;ZZ)Ljava/lang/Object; @ 203
Event: 5.252 Thread 0x00007fa430012000 Uncommon trap: reason=bimorphic action=maybe_recompile pc=0x00007fa421617340 method=com.google.protobuf.GeneratedMessageV3.hasField(Lcom/google/protobuf/Descriptors$FieldDescriptor;)Z @ 9
Event: 5.252 Thread 0x00007fa430012000 Uncommon trap: reason=class_check action=maybe_recompile pc=0x00007fa42160a5e8 method=com.google.protobuf.GeneratedMessageV3$FieldAccessorTable$SingularFieldAccessor.has(Lcom/google/protobuf/GeneratedMessageV3;)Z @ 37
Event: 5.252 Thread 0x00007fa430012000 Uncommon trap: reason=bimorphic action=maybe_recompile pc=0x00007fa421617340 method=com.google.protobuf.GeneratedMessageV3.hasField(Lcom/google/protobuf/Descriptors$FieldDescriptor;)Z @ 9
Event: 5.252 Thread 0x00007fa430012000 Uncommon trap: reason=class_check action=maybe_recompile pc=0x00007fa42160a5e8 method=com.google.protobuf.GeneratedMessageV3$FieldAccessorTable$SingularFieldAccessor.has(Lcom/google/protobuf/GeneratedMessageV3;)Z @ 37
Event: 5.252 Thread 0x00007fa430012000 Uncommon trap: reason=bimorphic action=maybe_recompile pc=0x00007fa421617340 method=com.google.protobuf.GeneratedMessageV3.hasField(Lcom/google/protobuf/Descriptors$FieldDescriptor;)Z @ 9
Event: 5.252 Thread 0x00007fa430012000 Uncommon trap: reason=class_check action=maybe_recompile pc=0x00007fa42160a5e8 method=com.google.protobuf.GeneratedMessageV3$FieldAccessorTable$SingularFieldAccessor.has(Lcom/google/protobuf/GeneratedMessageV3;)Z @ 37
Event: 5.252 Thread 0x00007fa430012000 Uncommon trap: reason=bimorphic action=maybe_recompile pc=0x00007fa421617340 method=com.google.protobuf.GeneratedMessageV3.hasField(Lcom/google/protobuf/Descriptors$FieldDescriptor;)Z @ 9
Event: 5.252 Thread 0x00007fa430012000 Uncommon trap: reason=class_check action=maybe_recompile pc=0x00007fa42160a5e8 method=com.google.protobuf.GeneratedMessageV3$FieldAccessorTable$SingularFieldAccessor.has(Lcom/google/protobuf/GeneratedMessageV3;)Z @ 37

Classes redefined (6 events):
Event: 254.109 Thread 0x00007fa430147000 redefined class name=com.example.monitoring.QuickstartSample, count=1
Event: 453.283 Thread 0x00007fa430147000 redefined class name=com.example.monitoring.QuickstartSample, count=2
Event: 536.146 Thread 0x00007fa430147000 redefined class name=com.example.monitoring.QuickstartSample, count=3
Event: 599.362 Thread 0x00007fa430147000 redefined class name=com.example.monitoring.QuickstartSample, count=4
Event: 690.385 Thread 0x00007fa430147000 redefined class name=com.example.monitoring.QuickstartSample, count=5
Event: 1039.785 Thread 0x00007fa430147000 redefined class name=com.example.monitoring.QuickstartSample, count=6

Internal exceptions (10 events):
Event: 2.215 Thread 0x00007fa430a0b000 Exception <a 'java/lang/NoSuchFieldError': method resolution failed> (0x00000000d81a96a8) thrown at [/HUDSON/workspace/8-2-build-linux-amd64/jdk8u181/11358/hotspot/src/share/vm/prims/methodHandles.cpp, line 1167]
Event: 2.216 Thread 0x00007fa430a0b000 Exception <a 'java/lang/NoSuchFieldError': method resolution failed> (0x00000000d81b7638) thrown at [/HUDSON/workspace/8-2-build-linux-amd64/jdk8u181/11358/hotspot/src/share/vm/prims/methodHandles.cpp, line 1167]
Event: 3.287 Thread 0x00007fa3b8034000 Implicit null exception at 0x00007fa421437538 to 0x00007fa421437675
Event: 3.790 Thread 0x00007fa3b8034000 Implicit null exception at 0x00007fa421518e34 to 0x00007fa4215190e5
Event: 3.790 Thread 0x00007fa3b8034000 Implicit null exception at 0x00007fa42147a89e to 0x00007fa42147b1bd
Event: 3.790 Thread 0x00007fa3b8034000 Implicit null exception at 0x00007fa4214ba2af to 0x00007fa4214ba31d
Event: 3.795 Thread 0x00007fa3b8034000 Exception <a 'java/lang/ArrayIndexOutOfBoundsException'> (0x00000000d96108c0) thrown at [/HUDSON/workspace/8-2-build-linux-amd64/jdk8u181/11358/hotspot/src/share/vm/runtime/sharedRuntime.cpp, line 605]
Event: 3.796 Thread 0x00007fa3b8034000 Exception <a 'java/lang/ArrayIndexOutOfBoundsException'> (0x00000000d9612630) thrown at [/HUDSON/workspace/8-2-build-linux-amd64/jdk8u181/11358/hotspot/src/share/vm/runtime/sharedRuntime.cpp, line 605]
Event: 3.796 Thread 0x00007fa3b8034000 Exception <a 'java/lang/ArrayIndexOutOfBoundsException'> (0x00000000d96159f8) thrown at [/HUDSON/workspace/8-2-build-linux-amd64/jdk8u181/11358/hotspot/src/share/vm/runtime/sharedRuntime.cpp, line 605]
Event: 3.796 Thread 0x00007fa3b8034000 Exception <a 'java/lang/ArrayIndexOutOfBoundsException'> (0x00000000d96167d0) thrown at [/HUDSON/workspace/8-2-build-linux-amd64/jdk8u181/11358/hotspot/src/share/vm/runtime/sharedRuntime.cpp, line 605]

Events (10 events):
Event: 1039.755 Executing VM operation: ChangeBreakpoints done
Event: 1039.755 Executing VM operation: ChangeBreakpoints
Event: 1039.755 Executing VM operation: ChangeBreakpoints done
Event: 1039.756 Executing VM operation: ChangeBreakpoints
Event: 1039.756 Executing VM operation: ChangeBreakpoints done
Event: 1039.756 Executing VM operation: ChangeBreakpoints
Event: 1039.756 Executing VM operation: ChangeBreakpoints done
Event: 1039.760 Executing VM operation: RedefineClasses
Event: 1039.785 Executing VM operation: RedefineClasses done
Event: 1039.787 Executing VM operation: GetOrSetLocal


Dynamic libraries:
00400000-00401000 r-xp 00000000 fd:01 22413692                           /usr/lib/jvm/java-8-oracle/bin/java
00600000-00601000 rw-p 00000000 fd:01 22413692                           /usr/lib/jvm/java-8-oracle/bin/java
02156000-02177000 rw-p 00000000 00:00 0                                  [heap]
88000000-8b600000 rw-p 00000000 00:00 0 
8b600000-d8000000 ---p 00000000 00:00 0 
d8000000-dc600000 rw-p 00000000 00:00 0 
dc600000-100000000 ---p 00000000 00:00 0 
100000000-1002e0000 rw-p 00000000 00:00 0 
1002e0000-140000000 ---p 00000000 00:00 0 
7fa3a0000000-7fa3a1f79000 rw-p 00000000 00:00 0 
7fa3a1f79000-7fa3a4000000 ---p 00000000 00:00 0 
7fa3a8000000-7fa3a8021000 rw-p 00000000 00:00 0 
7fa3a8021000-7fa3ac000000 ---p 00000000 00:00 0 
7fa3ac000000-7fa3ad9bb000 rw-p 00000000 00:00 0 
7fa3ad9bb000-7fa3b0000000 ---p 00000000 00:00 0 
7fa3b0000000-7fa3b00ac000 rw-p 00000000 00:00 0 
7fa3b00ac000-7fa3b4000000 ---p 00000000 00:00 0 
7fa3b4000000-7fa3b4054000 rw-p 00000000 00:00 0 
7fa3b4054000-7fa3b8000000 ---p 00000000 00:00 0 
7fa3b8000000-7fa3b803e000 rw-p 00000000 00:00 0 
7fa3b803e000-7fa3bc000000 ---p 00000000 00:00 0 
7fa3bc000000-7fa3bc021000 rw-p 00000000 00:00 0 
7fa3bc021000-7fa3c0000000 ---p 00000000 00:00 0 
7fa3c11f1000-7fa3c12b1000 rw-p 00000000 00:00 0 
7fa3c12b1000-7fa3c13f1000 ---p 00000000 00:00 0 
7fa3c13f1000-7fa3c25f2000 rw-p 00000000 00:00 0 
7fa3c25f2000-7fa3c25f5000 ---p 00000000 00:00 0 
7fa3c25f5000-7fa3c26f3000 rw-p 00000000 00:00 0 
7fa3c26f3000-7fa3c26f6000 ---p 00000000 00:00 0 
7fa3c26f6000-7fa3c27f4000 rw-p 00000000 00:00 0 
7fa3c27f4000-7fa3c27f7000 ---p 00000000 00:00 0 
7fa3c27f7000-7fa3c2af5000 rw-p 00000000 00:00 0 
7fa3c2af5000-7fa3c3af6000 rw-p 00000000 00:00 0 
7fa3c3af6000-7fa3c3af9000 ---p 00000000 00:00 0 
7fa3c3af9000-7fa3c3bf7000 rw-p 00000000 00:00 0 
7fa3c3bf7000-7fa3c3c00000 r-xp 00000000 fd:01 22811133                   /usr/lib/jvm/java-8-oracle/jre/lib/amd64/libmanagement.so
7fa3c3c00000-7fa3c3dff000 ---p 00009000 fd:01 22811133                   /usr/lib/jvm/java-8-oracle/jre/lib/amd64/libmanagement.so
7fa3c3dff000-7fa3c3e00000 rw-p 00008000 fd:01 22811133                   /usr/lib/jvm/java-8-oracle/jre/lib/amd64/libmanagement.so
7fa3c3e00000-7fa3c4000000 rw-p 00000000 00:00 0 
7fa3c4000000-7fa3c4021000 rw-p 00000000 00:00 0 
7fa3c4021000-7fa3c8000000 ---p 00000000 00:00 0 
7fa3c8000000-7fa3c80ec000 rw-p 00000000 00:00 0 
7fa3c80ec000-7fa3cc000000 ---p 00000000 00:00 0 
7fa3cc000000-7fa3cc021000 rw-p 00000000 00:00 0 
7fa3cc021000-7fa3d0000000 ---p 00000000 00:00 0 
7fa3d0078000-7fa3d008f000 r-xp 00000000 fd:01 19927764                   /lib/x86_64-linux-gnu/libresolv-2.27.so
7fa3d008f000-7fa3d028f000 ---p 00017000 fd:01 19927764                   /lib/x86_64-linux-gnu/libresolv-2.27.so
7fa3d028f000-7fa3d0290000 r--p 00017000 fd:01 19927764                   /lib/x86_64-linux-gnu/libresolv-2.27.so
7fa3d0290000-7fa3d0291000 rw-p 00018000 fd:01 19927764                   /lib/x86_64-linux-gnu/libresolv-2.27.so
7fa3d0291000-7fa3d0293000 rw-p 00000000 00:00 0 
7fa3d0293000-7fa3d0298000 r-xp 00000000 fd:01 19927713                   /lib/x86_64-linux-gnu/libnss_dns-2.27.so
7fa3d0298000-7fa3d0498000 ---p 00005000 fd:01 19927713                   /lib/x86_64-linux-gnu/libnss_dns-2.27.so
7fa3d0498000-7fa3d0499000 r--p 00005000 fd:01 19927713                   /lib/x86_64-linux-gnu/libnss_dns-2.27.so
7fa3d0499000-7fa3d049a000 rw-p 00006000 fd:01 19927713                   /lib/x86_64-linux-gnu/libnss_dns-2.27.so
7fa3d049a000-7fa3d049c000 r-xp 00000000 fd:01 19927721                   /lib/x86_64-linux-gnu/libnss_mdns4_minimal.so.2
7fa3d049c000-7fa3d069b000 ---p 00002000 fd:01 19927721                   /lib/x86_64-linux-gnu/libnss_mdns4_minimal.so.2
7fa3d069b000-7fa3d069c000 r--p 00001000 fd:01 19927721                   /lib/x86_64-linux-gnu/libnss_mdns4_minimal.so.2
7fa3d069c000-7fa3d069d000 rw-p 00002000 fd:01 19927721                   /lib/x86_64-linux-gnu/libnss_mdns4_minimal.so.2
7fa3d069d000-7fa3d06a0000 ---p 00000000 00:00 0 
7fa3d06a0000-7fa3d079e000 rw-p 00000000 00:00 0 
7fa3d079e000-7fa3d07a1000 ---p 00000000 00:00 0 
7fa3d07a1000-7fa3d089f000 rw-p 00000000 00:00 0 
7fa3d089f000-7fa3d08a2000 ---p 00000000 00:00 0 
7fa3d08a2000-7fa3d0ba0000 rw-p 00000000 00:00 0 
7fa3d0ba0000-7fa3d0bb7000 r-xp 00000000 fd:01 19927662                   /lib/x86_64-linux-gnu/libgcc_s.so.1
7fa3d0bb7000-7fa3d0db6000 ---p 00017000 fd:01 19927662                   /lib/x86_64-linux-gnu/libgcc_s.so.1
7fa3d0db6000-7fa3d0db7000 r--p 00016000 fd:01 19927662                   /lib/x86_64-linux-gnu/libgcc_s.so.1
7fa3d0db7000-7fa3d0db8000 rw-p 00017000 fd:01 19927662                   /lib/x86_64-linux-gnu/libgcc_s.so.1
7fa3d0db8000-7fa3d0dea000 r-xp 00000000 fd:01 22810181                   /usr/lib/jvm/java-8-oracle/jre/lib/amd64/libsunec.so
7fa3d0dea000-7fa3d0fe9000 ---p 00032000 fd:01 22810181                   /usr/lib/jvm/java-8-oracle/jre/lib/amd64/libsunec.so
7fa3d0fe9000-7fa3d0fef000 rw-p 00031000 fd:01 22810181                   /usr/lib/jvm/java-8-oracle/jre/lib/amd64/libsunec.so
7fa3d0fef000-7fa3d4000000 rw-p 00000000 00:00 0 
7fa3d4000000-7fa3d4021000 rw-p 00000000 00:00 0 
7fa3d4021000-7fa3d8000000 ---p 00000000 00:00 0 
7fa3d8000000-7fa3d8021000 rw-p 00000000 00:00 0 
7fa3d8021000-7fa3dc000000 ---p 00000000 00:00 0 
7fa3dc000000-7fa3dc6ab000 rw-p 00000000 00:00 0 
7fa3dc6ab000-7fa3e0000000 ---p 00000000 00:00 0 
7fa3e0000000-7fa3e0021000 rw-p 00000000 00:00 0 
7fa3e0021000-7fa3e4000000 ---p 00000000 00:00 0 
7fa3e4000000-7fa3e7ffa000 rw-p 00000000 00:00 0 
7fa3e7ffa000-7fa3e8000000 ---p 00000000 00:00 0 
7fa3e8000000-7fa3ebffc000 rw-p 00000000 00:00 0 
7fa3ebffc000-7fa3ec000000 ---p 00000000 00:00 0 
7fa3ec000000-7fa3ec093000 rw-p 00000000 00:00 0 
7fa3ec093000-7fa3f0000000 ---p 00000000 00:00 0 
7fa3f0000000-7fa3f0021000 rw-p 00000000 00:00 0 
7fa3f0021000-7fa3f4000000 ---p 00000000 00:00 0 
7fa3f4000000-7fa3f4021000 rw-p 00000000 00:00 0 
7fa3f4021000-7fa3f8000000 ---p 00000000 00:00 0 
7fa3f8000000-7fa3f804d000 rw-p 00000000 00:00 0 
7fa3f804d000-7fa3fc000000 ---p 00000000 00:00 0 
7fa3fc000000-7fa3fc021000 rw-p 00000000 00:00 0 
7fa3fc021000-7fa400000000 ---p 00000000 00:00 0 
7fa400000000-7fa400021000 rw-p 00000000 00:00 0 
7fa400021000-7fa404000000 ---p 00000000 00:00 0 
7fa404000000-7fa404021000 rw-p 00000000 00:00 0 
7fa404021000-7fa408000000 ---p 00000000 00:00 0 
7fa408000000-7fa408297000 rw-p 00000000 00:00 0 
7fa408297000-7fa40c000000 ---p 00000000 00:00 0 
7fa40c000000-7fa40c021000 rw-p 00000000 00:00 0 
7fa40c021000-7fa410000000 ---p 00000000 00:00 0 
7fa41004e000-7fa410051000 ---p 00000000 00:00 0 
7fa410051000-7fa41014f000 rw-p 00000000 00:00 0 
7fa41014f000-7fa410165000 r-xp 00000000 fd:01 22810956                   /usr/lib/jvm/java-8-oracle/jre/lib/amd64/libnet.so
7fa410165000-7fa410365000 ---p 00016000 fd:01 22810956                   /usr/lib/jvm/java-8-oracle/jre/lib/amd64/libnet.so
7fa410365000-7fa410366000 rw-p 00016000 fd:01 22810956                   /usr/lib/jvm/java-8-oracle/jre/lib/amd64/libnet.so
7fa410366000-7fa410377000 r-xp 00000000 fd:01 22810959                   /usr/lib/jvm/java-8-oracle/jre/lib/amd64/libnio.so
7fa410377000-7fa410576000 ---p 00011000 fd:01 22810959                   /usr/lib/jvm/java-8-oracle/jre/lib/amd64/libnio.so
7fa410576000-7fa410577000 rw-p 00010000 fd:01 22810959                   /usr/lib/jvm/java-8-oracle/jre/lib/amd64/libnio.so
7fa410577000-7fa410777000 rw-p 00000000 00:00 0 
7fa410777000-7fa411778000 rw-p 00000000 00:00 0 
7fa411778000-7fa41177b000 ---p 00000000 00:00 0 
7fa41177b000-7fa411a79000 rw-p 00000000 00:00 0 
7fa411a79000-7fa411a82000 r-xp 00000000 fd:01 19927635                   /lib/x86_64-linux-gnu/libcrypt-2.27.so
7fa411a82000-7fa411c81000 ---p 00009000 fd:01 19927635                   /lib/x86_64-linux-gnu/libcrypt-2.27.so
7fa411c81000-7fa411c82000 r--p 00008000 fd:01 19927635                   /lib/x86_64-linux-gnu/libcrypt-2.27.so
7fa411c82000-7fa411c83000 rw-p 00009000 fd:01 19927635                   /lib/x86_64-linux-gnu/libcrypt-2.27.so
7fa411c83000-7fa411cb1000 rw-p 00000000 00:00 0 
7fa411ccc000-7fa411eb5000 r-xp 00000000 fd:01 24122792                   /tmp/libio_grpc_netty_shaded_netty_tcnative_linux_x86_644317440781989339765.so (deleted)
7fa411eb5000-7fa4120b5000 ---p 001e9000 fd:01 24122792                   /tmp/libio_grpc_netty_shaded_netty_tcnative_linux_x86_644317440781989339765.so (deleted)
7fa4120b5000-7fa4120c9000 rw-p 001e9000 fd:01 24122792                   /tmp/libio_grpc_netty_shaded_netty_tcnative_linux_x86_644317440781989339765.so (deleted)
7fa4120c9000-7fa4120cb000 rw-p 00000000 00:00 0 
7fa4120cb000-7fa4120e7000 r--s 00393000 fd:01 22679408                   /usr/lib/jvm/java-8-oracle/jre/lib/ext/cldrdata.jar
7fa4120e7000-7fa4120e8000 ---p 00000000 00:00 0 
7fa4120e8000-7fa4121e8000 rw-p 00000000 00:00 0 
7fa4121e8000-7fa4121eb000 ---p 00000000 00:00 0 
7fa4121eb000-7fa4122e9000 rw-p 00000000 00:00 0 
7fa4122e9000-7fa4122ea000 ---p 00000000 00:00 0 
7fa4122ea000-7fa4122ed000 ---p 00000000 00:00 0 
7fa4122ed000-7fa4123ea000 rw-p 00000000 00:00 0 
7fa4123ea000-7fa4123eb000 ---p 00000000 00:00 0 
7fa4123eb000-7fa4123ee000 ---p 00000000 00:00 0 
7fa4123ee000-7fa4124eb000 rw-p 00000000 00:00 0 
7fa4124eb000-7fa4124ec000 ---p 00000000 00:00 0 
7fa4124ec000-7fa4124ef000 ---p 00000000 00:00 0 
7fa4124ef000-7fa4125ec000 rw-p 00000000 00:00 0 
7fa4125ec000-7fa4125ef000 ---p 00000000 00:00 0 
7fa4125ef000-7fa4126ed000 rw-p 00000000 00:00 0 
7fa4126ed000-7fa4126f0000 ---p 00000000 00:00 0 
7fa4126f0000-7fa4127ee000 rw-p 00000000 00:00 0 
7fa4127ee000-7fa4127f1000 ---p 00000000 00:00 0 
7fa4127f1000-7fa4128ef000 rw-p 00000000 00:00 0 
7fa4128ef000-7fa4128f3000 r-xp 00000000 fd:01 22810763                   /usr/lib/jvm/java-8-oracle/jre/lib/amd64/libdt_socket.so
7fa4128f3000-7fa412af2000 ---p 00004000 fd:01 22810763                   /usr/lib/jvm/java-8-oracle/jre/lib/amd64/libdt_socket.so
7fa412af2000-7fa412af3000 rw-p 00003000 fd:01 22810763                   /usr/lib/jvm/java-8-oracle/jre/lib/amd64/libdt_socket.so
7fa412af3000-7fa412af6000 ---p 00000000 00:00 0 
7fa412af6000-7fa412bf4000 rw-p 00000000 00:00 0 
7fa412bf4000-7fa412bf7000 ---p 00000000 00:00 0 
7fa412bf7000-7fa412cf5000 rw-p 00000000 00:00 0 
7fa412cf5000-7fa412cf8000 ---p 00000000 00:00 0 
7fa412cf8000-7fa412df6000 rw-p 00000000 00:00 0 
7fa412df6000-7fa412df7000 ---p 00000000 00:00 0 
7fa412df7000-7fa414000000 rw-p 00000000 00:00 0 
7fa414000000-7fa414021000 rw-p 00000000 00:00 0 
7fa414021000-7fa418000000 ---p 00000000 00:00 0 
7fa418000000-7fa418005000 r--s 0003f000 fd:01 22679416                   /usr/lib/jvm/java-8-oracle/jre/lib/ext/sunjce_provider.jar
7fa418005000-7fa418007000 r--s 00009000 fd:01 22679406                   /usr/lib/jvm/java-8-oracle/jre/lib/ext/sunec.jar
7fa418007000-7fa41800a000 r--s 0001a000 fd:01 22679400                   /usr/lib/jvm/java-8-oracle/jre/lib/jce.jar
7fa41800a000-7fa41800f000 r--s 0009d000 fd:01 22679394                   /usr/lib/jvm/java-8-oracle/jre/lib/jsse.jar
7fa41800f000-7fa418019000 r--s 00116000 fd:01 22679415                   /usr/lib/jvm/java-8-oracle/jre/lib/ext/localedata.jar
7fa418019000-7fa418020000 r--s 00064000 fd:01 9307935                    /home/sarangan/Applications/IntelliJ/idea-IC-182.3911.36/lib/rt/debugger-agent.jar
7fa418020000-7fa418022000 r--s 0001a000 fd:01 9307845                    /home/sarangan/Applications/IntelliJ/idea-IC-182.3911.36/lib/idea_rt.jar
7fa418022000-7fa418024000 r--s 00002000 fd:01 14417962                   /home/sarangan/.m2/repository/com/google/errorprone/error_prone_annotations/2.3.1/error_prone_annotations-2.3.1.jar
7fa418024000-7fa418053000 r--s 00226000 fd:01 12717157                   /home/sarangan/.m2/repository/com/google/guava/guava/20.0/guava-20.0.jar
7fa418053000-7fa418055000 r--s 0000e000 fd:01 13637628                   /home/sarangan/.m2/repository/org/json/json/20180130/json-20180130.jar
7fa418055000-7fa418056000 r--s 00003000 fd:01 14288296                   /home/sarangan/.m2/repository/io/grpc/grpc-auth/1.13.1/grpc-auth-1.13.1.jar
7fa418056000-7fa418058000 r--s 00008000 fd:01 14288300                   /home/sarangan/.m2/repository/io/grpc/grpc-stub/1.13.1/grpc-stub-1.13.1.jar
7fa418058000-7fa418059000 r--s 00002000 fd:01 14288271                   /home/sarangan/.m2/repository/io/opencensus/opencensus-contrib-grpc-metrics/0.12.3/opencensus-contrib-grpc-metrics-0.12.3.jar
7fa418059000-7fa418060000 r--s 00030000 fd:01 14288301                   /home/sarangan/.m2/repository/io/opencensus/opencensus-api/0.12.3/opencensus-api-0.12.3.jar
7fa418060000-7fa41806e000 r--s 0009a000 fd:01 14288242                   /home/sarangan/.m2/repository/io/grpc/grpc-core/1.13.1/grpc-core-1.13.1.jar
7fa41806e000-7fa4180b5000 r--s 005ac000 fd:01 14288275                   /home/sarangan/.m2/repository/io/grpc/grpc-netty-shaded/1.13.1/grpc-netty-shaded-1.13.1.jar
7fa4180b5000-7fa4180c0000 r--s 000e8000 fd:01 14288241                   /home/sarangan/.m2/repository/com/google/api/grpc/proto-google-cloud-monitoring-v3/1.20.0/proto-google-cloud-monitoring-v3-1.20.0.jar
7fa4180c0000-7fa4180c4000 r--s 00015000 fd:01 14288263                   /home/sarangan/.m2/repository/com/google/api/gax-grpc/1.29.0/gax-grpc-1.29.0.jar
7fa4180c4000-7fa4180c5000 r--s 00006000 fd:01 14288287                   /home/sarangan/.m2/repository/io/grpc/grpc-context/1.13.1/grpc-context-1.13.1.jar
7fa4180c5000-7fa4180c6000 r--s 00001000 fd:01 14288265                   /home/sarangan/.m2/repository/io/grpc/grpc-protobuf-lite/1.13.1/grpc-protobuf-lite-1.13.1.jar
7fa4180c6000-7fa4180c7000 r--s 00001000 fd:01 14288250                   /home/sarangan/.m2/repository/io/grpc/grpc-protobuf/1.13.1/grpc-protobuf-1.13.1.jar
7fa4180c7000-7fa4180d7000 r--s 0014c000 fd:01 13241627                   /home/sarangan/.m2/repository/com/google/protobuf/protobuf-java/3.6.0/protobuf-java-3.6.0.jar
7fa4180d7000-7fa4180d8000 r--s 00001000 fd:01 14288283                   /home/sarangan/.m2/repository/com/google/auth/google-auth-library-credentials/0.10.0/google-auth-library-credentials-0.10.0.jar
7fa4180d8000-7fa4180da000 r--s 0001a000 fd:01 14288248                   /home/sarangan/.m2/repository/com/google/api/grpc/proto-google-iam-v1/0.12.0/proto-google-iam-v1-0.12.0.jar
7fa4180da000-7fa4180e6000 r--s 0011a000 fd:01 14288246                   /home/sarangan/.m2/repository/com/google/api/grpc/proto-google-common-protos/1.12.0/proto-google-common-protos-1.12.0.jar
7fa4180e6000-7fa4180eb000 r--s 00034000 fd:01 13371834                   /home/sarangan/.m2/repository/com/google/code/gson/gson/2.7/gson-2.7.jar
7fa4180eb000-7fa4180ef000 r--s 0002f000 fd:01 14288244                   /home/sarangan/.m2/repository/com/fasterxml/jackson/core/jackson-core/2.1.3/jackson-core-2.1.3.jar
7fa4180ef000-7fa4180f5000 r--s 00077000 fd:01 10487234                   /home/sarangan/.m2/repository/org/threeten/threetenbp/1.3.3/threetenbp-1.3.3.jar
7fa4180f5000-7fa4180fd000 r--s 00039000 fd:01 14288267                   /home/sarangan/.m2/repository/com/google/api/gax/1.29.0/gax-1.29.0.jar
7fa4180fd000-7fa41c000000 rw-p 00000000 00:00 0 
7fa41c000000-7fa41c021000 rw-p 00000000 00:00 0 
7fa41c021000-7fa420000000 ---p 00000000 00:00 0 
7fa420000000-7fa420001000 r--s 00002000 fd:01 14157177                   /home/sarangan/.m2/repository/com/google/cloud/google-cloud-core-grpc/1.38.0/google-cloud-core-grpc-1.38.0.jar
7fa420001000-7fa420003000 r--s 0000f000 fd:01 14288266                   /home/sarangan/.m2/repository/com/google/protobuf/protobuf-java-util/3.6.0/protobuf-java-util-3.6.0.jar
7fa420003000-7fa420005000 r--s 00011000 fd:01 14288245                   /home/sarangan/.m2/repository/com/google/auth/google-auth-library-oauth2-http/0.10.0/google-auth-library-oauth2-http-0.10.0.jar
7fa420005000-7fa420008000 r--s 00009000 fd:01 14288253                   /home/sarangan/.m2/repository/com/google/api/api-common/1.6.0/api-common-1.6.0.jar
7fa420008000-7fa42000a000 r--s 00003000 fd:01 14025408                   /home/sarangan/.m2/repository/com/google/code/findbugs/jsr305/3.0.2/jsr305-3.0.2.jar
7fa42000a000-7fa42000c000 r--s 0000a000 fd:01 12059772                   /home/sarangan/.m2/repository/commons-codec/commons-codec/1.3/commons-codec-1.3.jar
7fa42000c000-7fa420011000 r--s 00026000 fd:01 10621211                   /home/sarangan/.m2/repository/org/apache/httpcomponents/httpcore/4.0.1/httpcore-4.0.1.jar
7fa420011000-7fa420019000 r--s 00040000 fd:01 14288235                   /home/sarangan/.m2/repository/org/apache/httpcomponents/httpclient/4.0.1/httpclient-4.0.1.jar
7fa420019000-7fa420022000 r--s 0004f000 fd:01 14157175                   /home/sarangan/.m2/repository/com/google/http-client/google-http-client/1.23.0/google-http-client-1.23.0.jar
7fa420022000-7fa420032000 r--s 00089000 fd:01 10617751                   /home/sarangan/.m2/repository/joda-time/joda-time/2.9.2/joda-time-2.9.2.jar
7fa420032000-7fa420036000 r--s 0001a000 fd:01 14025410                   /home/sarangan/.m2/repository/com/google/cloud/google-cloud-core/1.38.0/google-cloud-core-1.38.0.jar
7fa420036000-7fa42003a000 r--s 00026000 fd:01 13900873                   /home/sarangan/.m2/repository/com/google/cloud/google-cloud-monitoring/1.38.0/google-cloud-monitoring-1.38.0.jar
7fa42003a000-7fa42004d000 r--s 00345000 fd:01 22679375                   /usr/lib/jvm/java-8-oracle/jre/lib/resources.jar
7fa42004d000-7fa420069000 r--s 0020b000 fd:01 22677304                   /usr/lib/jvm/java-8-oracle/jre/lib/deploy.jar
7fa420069000-7fa42036c000 rw-p 00000000 00:00 0 
7fa42036c000-7fa420546000 r--s 03d6b000 fd:01 22679337                   /usr/lib/jvm/java-8-oracle/jre/lib/rt.jar
7fa420546000-7fa42097c000 rw-p 00000000 00:00 0 
7fa42097c000-7fa42097d000 ---p 00000000 00:00 0 
7fa42097d000-7fa420a7d000 rw-p 00000000 00:00 0 
7fa420a7d000-7fa420a7e000 ---p 00000000 00:00 0 
7fa420a7e000-7fa420b7e000 rw-p 00000000 00:00 0 
7fa420b7e000-7fa420b7f000 ---p 00000000 00:00 0 
7fa420b7f000-7fa420c7f000 rw-p 00000000 00:00 0 
7fa420c7f000-7fa420c80000 ---p 00000000 00:00 0 
7fa420c80000-7fa420d9b000 rw-p 00000000 00:00 0 
7fa420d9b000-7fa421000000 ---p 00000000 00:00 0 
7fa421000000-7fa4216e0000 rwxp 00000000 00:00 0 
7fa4216e0000-7fa430000000 ---p 00000000 00:00 0 
7fa430000000-7fa430a7f000 rw-p 00000000 00:00 0 
7fa430a7f000-7fa434000000 ---p 00000000 00:00 0 
7fa434000000-7fa434002000 r--s 0000d000 fd:01 10621206                   /home/sarangan/.m2/repository/commons-logging/commons-logging/1.1.1/commons-logging-1.1.1.jar
7fa434002000-7fa434015000 r--s 000d6000 fd:01 22679201                   /usr/lib/jvm/java-8-oracle/jre/lib/plugin.jar
7fa434015000-7fa434030000 rw-p 00000000 00:00 0 
7fa434030000-7fa434295000 ---p 00000000 00:00 0 
7fa434295000-7fa4342b8000 rw-p 00000000 00:00 0 
7fa4342b8000-7fa4343d5000 ---p 00000000 00:00 0 
7fa4343d5000-7fa4343f2000 rw-p 00000000 00:00 0 
7fa4343f2000-7fa434796000 ---p 00000000 00:00 0 
7fa434796000-7fa4347b1000 r-xp 00000000 fd:01 22810952                   /usr/lib/jvm/java-8-oracle/jre/lib/amd64/libzip.so
7fa4347b1000-7fa4349b1000 ---p 0001b000 fd:01 22810952                   /usr/lib/jvm/java-8-oracle/jre/lib/amd64/libzip.so
7fa4349b1000-7fa4349b2000 rw-p 0001b000 fd:01 22810952                   /usr/lib/jvm/java-8-oracle/jre/lib/amd64/libzip.so
7fa4349b2000-7fa4349bd000 r-xp 00000000 fd:01 19927715                   /lib/x86_64-linux-gnu/libnss_files-2.27.so
7fa4349bd000-7fa434bbc000 ---p 0000b000 fd:01 19927715                   /lib/x86_64-linux-gnu/libnss_files-2.27.so
7fa434bbc000-7fa434bbd000 r--p 0000a000 fd:01 19927715                   /lib/x86_64-linux-gnu/libnss_files-2.27.so
7fa434bbd000-7fa434bbe000 rw-p 0000b000 fd:01 19927715                   /lib/x86_64-linux-gnu/libnss_files-2.27.so
7fa434bbe000-7fa434bc4000 rw-p 00000000 00:00 0 
7fa434bc4000-7fa434bdb000 r-xp 00000000 fd:01 19927709                   /lib/x86_64-linux-gnu/libnsl-2.27.so
7fa434bdb000-7fa434dda000 ---p 00017000 fd:01 19927709                   /lib/x86_64-linux-gnu/libnsl-2.27.so
7fa434dda000-7fa434ddb000 r--p 00016000 fd:01 19927709                   /lib/x86_64-linux-gnu/libnsl-2.27.so
7fa434ddb000-7fa434ddc000 rw-p 00017000 fd:01 19927709                   /lib/x86_64-linux-gnu/libnsl-2.27.so
7fa434ddc000-7fa434dde000 rw-p 00000000 00:00 0 
7fa434dde000-7fa434de9000 r-xp 00000000 fd:01 19927726                   /lib/x86_64-linux-gnu/libnss_nis-2.27.so
7fa434de9000-7fa434fe8000 ---p 0000b000 fd:01 19927726                   /lib/x86_64-linux-gnu/libnss_nis-2.27.so
7fa434fe8000-7fa434fe9000 r--p 0000a000 fd:01 19927726                   /lib/x86_64-linux-gnu/libnss_nis-2.27.so
7fa434fe9000-7fa434fea000 rw-p 0000b000 fd:01 19927726                   /lib/x86_64-linux-gnu/libnss_nis-2.27.so
7fa434fea000-7fa434ff2000 r-xp 00000000 fd:01 19927711                   /lib/x86_64-linux-gnu/libnss_compat-2.27.so
7fa434ff2000-7fa4351f2000 ---p 00008000 fd:01 19927711                   /lib/x86_64-linux-gnu/libnss_compat-2.27.so
7fa4351f2000-7fa4351f3000 r--p 00008000 fd:01 19927711                   /lib/x86_64-linux-gnu/libnss_compat-2.27.so
7fa4351f3000-7fa4351f4000 rw-p 00009000 fd:01 19927711                   /lib/x86_64-linux-gnu/libnss_compat-2.27.so
7fa4351f4000-7fa4351fe000 r-xp 00000000 fd:01 22810961                   /usr/lib/jvm/java-8-oracle/jre/lib/amd64/libinstrument.so
7fa4351fe000-7fa4353fd000 ---p 0000a000 fd:01 22810961                   /usr/lib/jvm/java-8-oracle/jre/lib/amd64/libinstrument.so
7fa4353fd000-7fa4353fe000 rw-p 00009000 fd:01 22810961                   /usr/lib/jvm/java-8-oracle/jre/lib/amd64/libinstrument.so
7fa4353fe000-7fa435dce000 r--p 00000000 fd:01 22289006                   /usr/lib/locale/locale-archive
7fa435dce000-7fa435dd0000 r-xp 00000000 fd:01 22810765                   /usr/lib/jvm/java-8-oracle/jre/lib/amd64/libnpt.so
7fa435dd0000-7fa435fd0000 ---p 00002000 fd:01 22810765                   /usr/lib/jvm/java-8-oracle/jre/lib/amd64/libnpt.so
7fa435fd0000-7fa435fd1000 rw-p 00002000 fd:01 22810765                   /usr/lib/jvm/java-8-oracle/jre/lib/amd64/libnpt.so
7fa435fd1000-7fa43600b000 r-xp 00000000 fd:01 22810837                   /usr/lib/jvm/java-8-oracle/jre/lib/amd64/libjdwp.so
7fa43600b000-7fa43620a000 ---p 0003a000 fd:01 22810837                   /usr/lib/jvm/java-8-oracle/jre/lib/amd64/libjdwp.so
7fa43620a000-7fa43620b000 rw-p 00039000 fd:01 22810837                   /usr/lib/jvm/java-8-oracle/jre/lib/amd64/libjdwp.so
7fa43620b000-7fa43620c000 rw-p 00000000 00:00 0 
7fa43620c000-7fa436237000 r-xp 00000000 fd:01 22810946                   /usr/lib/jvm/java-8-oracle/jre/lib/amd64/libjava.so
7fa436237000-7fa436436000 ---p 0002b000 fd:01 22810946                   /usr/lib/jvm/java-8-oracle/jre/lib/amd64/libjava.so
7fa436436000-7fa436438000 rw-p 0002a000 fd:01 22810946                   /usr/lib/jvm/java-8-oracle/jre/lib/amd64/libjava.so
7fa436438000-7fa436445000 r-xp 00000000 fd:01 22810951                   /usr/lib/jvm/java-8-oracle/jre/lib/amd64/libverify.so
7fa436445000-7fa436645000 ---p 0000d000 fd:01 22810951                   /usr/lib/jvm/java-8-oracle/jre/lib/amd64/libverify.so
7fa436645000-7fa436647000 rw-p 0000d000 fd:01 22810951                   /usr/lib/jvm/java-8-oracle/jre/lib/amd64/libverify.so
7fa436647000-7fa43664e000 r-xp 00000000 fd:01 19927766                   /lib/x86_64-linux-gnu/librt-2.27.so
7fa43664e000-7fa43684d000 ---p 00007000 fd:01 19927766                   /lib/x86_64-linux-gnu/librt-2.27.so
7fa43684d000-7fa43684e000 r--p 00006000 fd:01 19927766                   /lib/x86_64-linux-gnu/librt-2.27.so
7fa43684e000-7fa43684f000 rw-p 00007000 fd:01 19927766                   /lib/x86_64-linux-gnu/librt-2.27.so
7fa43684f000-7fa4369ec000 r-xp 00000000 fd:01 19927688                   /lib/x86_64-linux-gnu/libm-2.27.so
7fa4369ec000-7fa436beb000 ---p 0019d000 fd:01 19927688                   /lib/x86_64-linux-gnu/libm-2.27.so
7fa436beb000-7fa436bec000 r--p 0019c000 fd:01 19927688                   /lib/x86_64-linux-gnu/libm-2.27.so
7fa436bec000-7fa436bed000 rw-p 0019d000 fd:01 19927688                   /lib/x86_64-linux-gnu/libm-2.27.so
7fa436bed000-7fa4378c9000 r-xp 00000000 fd:01 22810772                   /usr/lib/jvm/java-8-oracle/jre/lib/amd64/server/libjvm.so
7fa4378c9000-7fa437ac9000 ---p 00cdc000 fd:01 22810772                   /usr/lib/jvm/java-8-oracle/jre/lib/amd64/server/libjvm.so
7fa437ac9000-7fa437ba3000 rw-p 00cdc000 fd:01 22810772                   /usr/lib/jvm/java-8-oracle/jre/lib/amd64/server/libjvm.so
7fa437ba3000-7fa437bee000 rw-p 00000000 00:00 0 
7fa437bee000-7fa437dd5000 r-xp 00000000 fd:01 19927625                   /lib/x86_64-linux-gnu/libc-2.27.so
7fa437dd5000-7fa437fd5000 ---p 001e7000 fd:01 19927625                   /lib/x86_64-linux-gnu/libc-2.27.so
7fa437fd5000-7fa437fd9000 r--p 001e7000 fd:01 19927625                   /lib/x86_64-linux-gnu/libc-2.27.so
7fa437fd9000-7fa437fdb000 rw-p 001eb000 fd:01 19927625                   /lib/x86_64-linux-gnu/libc-2.27.so
7fa437fdb000-7fa437fdf000 rw-p 00000000 00:00 0 
7fa437fdf000-7fa437fe2000 r-xp 00000000 fd:01 19927648                   /lib/x86_64-linux-gnu/libdl-2.27.so
7fa437fe2000-7fa4381e1000 ---p 00003000 fd:01 19927648                   /lib/x86_64-linux-gnu/libdl-2.27.so
7fa4381e1000-7fa4381e2000 r--p 00002000 fd:01 19927648                   /lib/x86_64-linux-gnu/libdl-2.27.so
7fa4381e2000-7fa4381e3000 rw-p 00003000 fd:01 19927648                   /lib/x86_64-linux-gnu/libdl-2.27.so
7fa4381e3000-7fa4381f9000 r-xp 00000000 fd:01 22548612                   /usr/lib/jvm/java-8-oracle/lib/amd64/jli/libjli.so
7fa4381f9000-7fa4383f8000 ---p 00016000 fd:01 22548612                   /usr/lib/jvm/java-8-oracle/lib/amd64/jli/libjli.so
7fa4383f8000-7fa4383f9000 rw-p 00015000 fd:01 22548612                   /usr/lib/jvm/java-8-oracle/lib/amd64/jli/libjli.so
7fa4383f9000-7fa438413000 r-xp 00000000 fd:01 19927758                   /lib/x86_64-linux-gnu/libpthread-2.27.so
7fa438413000-7fa438612000 ---p 0001a000 fd:01 19927758                   /lib/x86_64-linux-gnu/libpthread-2.27.so
7fa438612000-7fa438613000 r--p 00019000 fd:01 19927758                   /lib/x86_64-linux-gnu/libpthread-2.27.so
7fa438613000-7fa438614000 rw-p 0001a000 fd:01 19927758                   /lib/x86_64-linux-gnu/libpthread-2.27.so
7fa438614000-7fa438618000 rw-p 00000000 00:00 0 
7fa438618000-7fa43863f000 r-xp 00000000 fd:01 19927597                   /lib/x86_64-linux-gnu/ld-2.27.so
7fa43863f000-7fa438640000 r--s 00001000 fd:01 14288251                   /home/sarangan/.m2/repository/com/google/http-client/google-http-client-jackson2/1.19.0/google-http-client-jackson2-1.19.0.jar
7fa438640000-7fa438645000 r--s 0009d000 fd:01 22679394                   /usr/lib/jvm/java-8-oracle/jre/lib/jsse.jar
7fa438645000-7fa438647000 r--s 00007000 fd:01 22679402                   /usr/lib/jvm/java-8-oracle/jre/lib/jfxswt.jar
7fa438647000-7fa43864c000 r--s 00084000 fd:01 22677226                   /usr/lib/jvm/java-8-oracle/jre/lib/jfr.jar
7fa43864c000-7fa43864f000 r--s 0001a000 fd:01 22679400                   /usr/lib/jvm/java-8-oracle/jre/lib/jce.jar
7fa43864f000-7fa43871f000 rw-p 00000000 00:00 0 
7fa43871f000-7fa438720000 ---p 00000000 00:00 0 
7fa438720000-7fa438723000 ---p 00000000 00:00 0 
7fa438723000-7fa438824000 rw-p 00000000 00:00 0 
7fa438824000-7fa438825000 r--s 00000000 fd:01 22677902                   /usr/lib/jvm/java-8-oracle/jre/lib/management-agent.jar
7fa438825000-7fa43882e000 r--s 0006d000 fd:01 22678132                   /usr/lib/jvm/java-8-oracle/jre/lib/javaws.jar
7fa43882e000-7fa438833000 r--s 002f9000 fd:01 22679335                   /usr/lib/jvm/java-8-oracle/jre/lib/charsets.jar
7fa438833000-7fa438835000 r--s 00001000 fd:01 9307934                    /home/sarangan/Applications/IntelliJ/idea-IC-182.3911.36/lib/rt/debugger-agent-storage.jar
7fa438835000-7fa43883d000 rw-s 00000000 fd:01 24122798                   /tmp/hsperfdata_sarangan/8606
7fa43883d000-7fa43883e000 rw-p 00000000 00:00 0 
7fa43883e000-7fa43883f000 ---p 00000000 00:00 0 
7fa43883f000-7fa438840000 r--p 00027000 fd:01 19927597                   /lib/x86_64-linux-gnu/ld-2.27.so
7fa438840000-7fa438841000 rw-p 00028000 fd:01 19927597                   /lib/x86_64-linux-gnu/ld-2.27.so
7fa438841000-7fa438842000 rw-p 00000000 00:00 0 
7ffece562000-7ffece584000 rw-p 00000000 00:00 0                          [stack]
7ffece5af000-7ffece5b2000 r--p 00000000 00:00 0                          [vvar]
7ffece5b2000-7ffece5b4000 r-xp 00000000 00:00 0                          [vdso]
ffffffffff600000-ffffffffff601000 r-xp 00000000 00:00 0                  [vsyscall]

VM Arguments:
jvm_args: -agentlib:jdwp=transport=dt_socket,address=127.0.0.1:37567,suspend=y,server=n -javaagent:/home/sarangan/Applications/IntelliJ/idea-IC-182.3911.36/lib/rt/debugger-agent.jar=file:/tmp/capture.props -Dfile.encoding=UTF-8 
java_command: com.example.monitoring.QuickstartSample
java_class_path (initial): /usr/lib/jvm/java-8-oracle/jre/lib/charsets.jar:/usr/lib/jvm/java-8-oracle/jre/lib/deploy.jar:/usr/lib/jvm/java-8-oracle/jre/lib/ext/cldrdata.jar:/usr/lib/jvm/java-8-oracle/jre/lib/ext/dnsns.jar:/usr/lib/jvm/java-8-oracle/jre/lib/ext/jaccess.jar:/usr/lib/jvm/java-8-oracle/jre/lib/ext/jfxrt.jar:/usr/lib/jvm/java-8-oracle/jre/lib/ext/localedata.jar:/usr/lib/jvm/java-8-oracle/jre/lib/ext/nashorn.jar:/usr/lib/jvm/java-8-oracle/jre/lib/ext/sunec.jar:/usr/lib/jvm/java-8-oracle/jre/lib/ext/sunjce_provider.jar:/usr/lib/jvm/java-8-oracle/jre/lib/ext/sunpkcs11.jar:/usr/lib/jvm/java-8-oracle/jre/lib/ext/zipfs.jar:/usr/lib/jvm/java-8-oracle/jre/lib/javaws.jar:/usr/lib/jvm/java-8-oracle/jre/lib/jce.jar:/usr/lib/jvm/java-8-oracle/jre/lib/jfr.jar:/usr/lib/jvm/java-8-oracle/jre/lib/jfxswt.jar:/usr/lib/jvm/java-8-oracle/jre/lib/jsse.jar:/usr/lib/jvm/java-8-oracle/jre/lib/management-agent.jar:/usr/lib/jvm/java-8-oracle/jre/lib/plugin.jar:/usr/lib/jvm/java-8-oracle/jre/lib/resources.jar:/usr/lib/jvm/java-8-oracle/jre/lib/rt.jar:/home/sarangan/Applications/java-docs-samples/monitoring/cloud-client/target/classes:/home/sarangan/.m2/repository/com/google/cloud/google-cloud-monitoring/1.38.0/google-cloud-monitoring-1.38.0.jar:/home/sarangan/.m2/repository/com/google/cloud/google-cloud-core/1.38.0/google-cloud-core-1.38.0.jar:/home/sarangan/.m2/repository/joda-time/joda-time/2.9.2/joda-time-2.9.2.jar:/home/sarangan/.m2/repository/com/google/http-client/google-http-client/1.23.0/google-http-client-1.23.0.jar:/home/sarangan/.m2/repository/org/apache/httpcomponents/httpclient/4.0.1/httpclient-4.0.1.jar:/home/sarangan/.m2/repository/org/apache/httpcomponents/httpcore/4.0.1/httpcore-4.0.1.jar:/home/sarangan/.m2/repository/commons-logging/commons-logging/1.1.1/commons-logging-1.1.1.jar:/home/sarangan/.m2/repository/commons-codec/commons-codec/1.3/commons-codec-1.3.jar:/home/sarangan/.m2/repository/com/google/code/findbugs/jsr305/3.0.2/jsr305-3.0.2.jar:/home/sarangan/
Launcher Type: SUN_STANDARD

Environment Variables:
JAVA_HOME=/usr/lib/jvm/java-8-oracle
PATH=/home/sarangan/.local/bin:/opt/maven/bin:/usr/local/sbin:/usr/local/bin:/usr/sbin:/usr/bin:/sbin:/bin:/usr/games:/usr/local/games:/snap/bin:/usr/lib/jvm/java-8-oracle/bin:/usr/lib/jvm/java-8-oracle/db/bin:/usr/lib/jvm/java-8-oracle/jre/bin
USERNAME=sarangan
SHELL=/bin/bash
DISPLAY=:0

Signal Handlers:
SIGSEGV: [libjvm.so+0xad2a40], sa_mask[0]=11111111011111111101111111111110, sa_flags=SA_RESTART|SA_SIGINFO
SIGBUS: [libjvm.so+0xad2a40], sa_mask[0]=11111111011111111101111111111110, sa_flags=SA_RESTART|SA_SIGINFO
SIGFPE: [libjvm.so+0x92a610], sa_mask[0]=11111111011111111101111111111110, sa_flags=SA_RESTART|SA_SIGINFO
SIGPIPE: [libjvm.so+0x92a610], sa_mask[0]=11111111011111111101111111111110, sa_flags=SA_RESTART|SA_SIGINFO
SIGXFSZ: [libjvm.so+0x92a610], sa_mask[0]=11111111011111111101111111111110, sa_flags=SA_RESTART|SA_SIGINFO
SIGILL: [libjvm.so+0x92a610], sa_mask[0]=11111111011111111101111111111110, sa_flags=SA_RESTART|SA_SIGINFO
SIGUSR1: SIG_DFL, sa_mask[0]=00000000000000000000000000000000, sa_flags=none
SIGUSR2: [libjvm.so+0x92be70], sa_mask[0]=00100000000000000000000000000000, sa_flags=SA_RESTART|SA_SIGINFO
SIGHUP: [libjvm.so+0x92d270], sa_mask[0]=11111111011111111101111111111110, sa_flags=SA_RESTART|SA_SIGINFO
SIGINT: [libjvm.so+0x92d270], sa_mask[0]=11111111011111111101111111111110, sa_flags=SA_RESTART|SA_SIGINFO
SIGTERM: [libjvm.so+0x92d270], sa_mask[0]=11111111011111111101111111111110, sa_flags=SA_RESTART|SA_SIGINFO
SIGQUIT: [libjvm.so+0x92d270], sa_mask[0]=11111111011111111101111111111110, sa_flags=SA_RESTART|SA_SIGINFO


---------------  S Y S T E M  ---------------

OS:DISTRIB_ID=Ubuntu
DISTRIB_RELEASE=18.04
DISTRIB_CODENAME=bionic
DISTRIB_DESCRIPTION="Ubuntu 18.04.1 LTS"

uname:Linux 4.15.0-34-generic #37-Ubuntu SMP Mon Aug 27 15:21:48 UTC 2018 x86_64
libc:glibc 2.27 NPTL 2.27 
rlimit: STACK 8192k, CORE 0k, NPROC 30462, NOFILE 1048576, AS infinity
load average:1.32 1.01 1.00

/proc/meminfo:
MemTotal:        7861792 kB
MemFree:          240568 kB
MemAvailable:    1972916 kB
Buffers:          264828 kB
Cached:          2152072 kB
SwapCached:            0 kB
Active:          5460220 kB
Inactive:        1720260 kB
Active(anon):    4745808 kB
Inactive(anon):   557220 kB
Active(file):     714412 kB
Inactive(file):  1163040 kB
Unevictable:          16 kB
Mlocked:              16 kB
SwapTotal:        999420 kB
SwapFree:         999420 kB
Dirty:             12868 kB
Writeback:             0 kB
AnonPages:       4763872 kB
Mapped:           726060 kB
Shmem:            539456 kB
Slab:             262872 kB
SReclaimable:     152380 kB
SUnreclaim:       110492 kB
KernelStack:       18736 kB
PageTables:        62832 kB
NFS_Unstable:          0 kB
Bounce:                0 kB
WritebackTmp:          0 kB
CommitLimit:     4930316 kB
Committed_AS:   13265316 kB
VmallocTotal:   34359738367 kB
VmallocUsed:           0 kB
VmallocChunk:          0 kB
HardwareCorrupted:     0 kB
AnonHugePages:         0 kB
ShmemHugePages:        0 kB
ShmemPmdMapped:        0 kB
CmaTotal:              0 kB
CmaFree:               0 kB
HugePages_Total:       0
HugePages_Free:        0
HugePages_Rsvd:        0
HugePages_Surp:        0
Hugepagesize:       2048 kB
DirectMap4k:      285884 kB
DirectMap2M:     7792640 kB


CPU:total 4 (initial active 4) (2 cores per cpu, 2 threads per core) family 6 model 58 stepping 9, cmov, cx8, fxsr, mmx, sse, sse2, sse3, ssse3, sse4.1, sse4.2, popcnt, avx, aes, clmul, erms, ht, tsc, tscinvbit, tscinv

/proc/cpuinfo:
processor	: 0
vendor_id	: GenuineIntel
cpu family	: 6
model		: 58
model name	: Intel(R) Core(TM) i7-3520M CPU @ 2.90GHz
stepping	: 9
microcode	: 0x20
cpu MHz		: 3391.990
cache size	: 4096 KB
physical id	: 0
siblings	: 4
core id		: 0
cpu cores	: 2
apicid		: 0
initial apicid	: 0
fpu		: yes
fpu_exception	: yes
cpuid level	: 13
wp		: yes
flags		: fpu vme de pse tsc msr pae mce cx8 apic sep mtrr pge mca cmov pat pse36 clflush dts acpi mmx fxsr sse sse2 ss ht tm pbe syscall nx rdtscp lm constant_tsc arch_perfmon pebs bts rep_good nopl xtopology nonstop_tsc cpuid aperfmperf pni pclmulqdq dtes64 monitor ds_cpl vmx smx est tm2 ssse3 cx16 xtpr pdcm pcid sse4_1 sse4_2 x2apic popcnt tsc_deadline_timer aes xsave avx f16c rdrand lahf_lm cpuid_fault epb pti ssbd ibrs ibpb stibp tpr_shadow vnmi flexpriority ept vpid fsgsbase smep erms xsaveopt dtherm ida arat pln pts flush_l1d
bugs		: cpu_meltdown spectre_v1 spectre_v2 spec_store_bypass l1tf
bogomips	: 5786.33
clflush size	: 64
cache_alignment	: 64
address sizes	: 36 bits physical, 48 bits virtual
power management:

processor	: 1
vendor_id	: GenuineIntel
cpu family	: 6
model		: 58
model name	: Intel(R) Core(TM) i7-3520M CPU @ 2.90GHz
stepping	: 9
microcode	: 0x20
cpu MHz		: 3391.992
cache size	: 4096 KB
physical id	: 0
siblings	: 4
core id		: 0
cpu cores	: 2
apicid		: 1
initial apicid	: 1
fpu		: yes
fpu_exception	: yes
cpuid level	: 13
wp		: yes
flags		: fpu vme de pse tsc msr pae mce cx8 apic sep mtrr pge mca cmov pat pse36 clflush dts acpi mmx fxsr sse sse2 ss ht tm pbe syscall nx rdtscp lm constant_tsc arch_perfmon pebs bts rep_good nopl xtopology nonstop_tsc cpuid aperfmperf pni pclmulqdq dtes64 monitor ds_cpl vmx smx est tm2 ssse3 cx16 xtpr pdcm pcid sse4_1 sse4_2 x2apic popcnt tsc_deadline_timer aes xsave avx f16c rdrand lahf_lm cpuid_fault epb pti ssbd ibrs ibpb stibp tpr_shadow vnmi flexpriority ept vpid fsgsbase smep erms xsaveopt dtherm ida arat pln pts flush_l1d
bugs		: cpu_meltdown spectre_v1 spectre_v2 spec_store_bypass l1tf
bogomips	: 5786.33
clflush size	: 64
cache_alignment	: 64
address sizes	: 36 bits physical, 48 bits virtual
power management:

processor	: 2
vendor_id	: GenuineIntel
cpu family	: 6
model		: 58
model name	: Intel(R) Core(TM) i7-3520M CPU @ 2.90GHz
stepping	: 9
microcode	: 0x20
cpu MHz		: 3391.990
cache size	: 4096 KB
physical id	: 0
siblings	: 4
core id		: 1
cpu cores	: 2
apicid		: 2
initial apicid	: 2
fpu		: yes
fpu_exception	: yes
cpuid level	: 13
wp		: yes
flags		: fpu vme de pse tsc msr pae mce cx8 apic sep mtrr pge mca cmov pat pse36 clflush dts acpi mmx fxsr sse sse2 ss ht tm pbe syscall nx rdtscp lm constant_tsc arch_perfmon pebs bts rep_good nopl xtopology nonstop_tsc cpuid aperfmperf pni pclmulqdq dtes64 monitor ds_cpl vmx smx est tm2 ssse3 cx16 xtpr pdcm pcid sse4_1 sse4_2 x2apic popcnt tsc_deadline_timer aes xsave avx f16c rdrand lahf_lm cpuid_fault epb pti ssbd ibrs ibpb stibp tpr_shadow vnmi flexpriority ept vpid fsgsbase smep erms xsaveopt dtherm ida arat pln pts flush_l1d
bugs		: cpu_meltdown spectre_v1 spectre_v2 spec_store_bypass l1tf
bogomips	: 5786.33
clflush size	: 64
cache_alignment	: 64
address sizes	: 36 bits physical, 48 bits virtual
power management:

processor	: 3
vendor_id	: GenuineIntel
cpu family	: 6
model		: 58
model name	: Intel(R) Core(TM) i7-3520M CPU @ 2.90GHz
stepping	: 9
microcode	: 0x20
cpu MHz		: 3391.991
cache size	: 4096 KB
physical id	: 0
siblings	: 4
core id		: 1
cpu cores	: 2
apicid		: 3
initial apicid	: 3
fpu		: yes
fpu_exception	: yes
cpuid level	: 13
wp		: yes
flags		: fpu vme de pse tsc msr pae mce cx8 apic sep mtrr pge mca cmov pat pse36 clflush dts acpi mmx fxsr sse sse2 ss ht tm pbe syscall nx rdtscp lm constant_tsc arch_perfmon pebs bts rep_good nopl xtopology nonstop_tsc cpuid aperfmperf pni pclmulqdq dtes64 monitor ds_cpl vmx smx est tm2 ssse3 cx16 xtpr pdcm pcid sse4_1 sse4_2 x2apic popcnt tsc_deadline_timer aes xsave avx f16c rdrand lahf_lm cpuid_fault epb pti ssbd ibrs ibpb stibp tpr_shadow vnmi flexpriority ept vpid fsgsbase smep erms xsaveopt dtherm ida arat pln pts flush_l1d
bugs		: cpu_meltdown spectre_v1 spectre_v2 spec_store_bypass l1tf
bogomips	: 5786.33
clflush size	: 64
cache_alignment	: 64
address sizes	: 36 bits physical, 48 bits virtual
power management:



Memory: 4k page, physical 7861792k(240512k free), swap 999420k(999420k free)

vm_info: Java HotSpot(TM) 64-Bit Server VM (25.181-b13) for linux-amd64 JRE (1.8.0_181-b13), built on Jul  7 2018 00:56:38 by "java_re" with gcc 4.3.0 20080428 (Red Hat 4.3.0-8)

time: Fri Sep 28 10:53:58 2018
elapsed time: 1039 seconds (0d 0h 17m 19s)

